=> Booting WEBrick
=> Rails 3.2.13 application starting in development on http://0.0.0.0:80
=> Call with -d to detach
=> Ctrl-C to shutdown server
Exiting
[2014-02-20 09:34:22] INFO  WEBrick 1.3.1
[2014-02-20 09:34:22] INFO  ruby 1.9.3 (2013-02-22) [i686-linux]
[2014-02-20 09:34:22] INFO  WEBrick::HTTPServer#start: pid=24903 port=80
[2014-02-20 09:34:26] WARN  Could not determine content-length of response body. Set content-length of the response or set Response#chunked = true
[2014-02-20 09:34:26] WARN  Could not determine content-length of response body. Set content-length of the response or set Response#chunked = true
[2014-02-20 09:34:26] WARN  Could not determine content-length of response body. Set content-length of the response or set Response#chunked = true
[2014-02-20 09:38:28] WARN  Could not determine content-length of response body. Set content-length of the response or set Response#chunked = true
[2014-02-20 09:38:29] WARN  Could not determine content-length of response body. Set content-length of the response or set Response#chunked = true
[2014-02-20 09:38:29] WARN  Could not determine content-length of response body. Set content-length of the response or set Response#chunked = true
[2014-02-20 09:38:29] WARN  Could not determine content-length of response body. Set content-length of the response or set Response#chunked = true
[2014-02-20 09:38:29] WARN  Could not determine content-length of response body. Set content-length of the response or set Response#chunked = true
[2014-02-20 09:38:29] WARN  Could not determine content-length of response body. Set content-length of the response or set Response#chunked = true
[2014-02-20 09:38:29] WARN  Could not determine content-length of response body. Set content-length of the response or set Response#chunked = true
[2014-02-20 09:38:29] WARN  Could not determine content-length of response body. Set content-length of the response or set Response#chunked = true
[2014-02-20 09:38:29] WARN  Could not determine content-length of response body. Set content-length of the response or set Response#chunked = true
[2014-02-20 09:38:29] WARN  Could not determine content-length of response body. Set content-length of the response or set Response#chunked = true
[2014-02-20 09:38:29] WARN  Could not determine content-length of response body. Set content-length of the response or set Response#chunked = true
[2014-02-20 09:38:29] WARN  Could not determine content-length of response body. Set content-length of the response or set Response#chunked = true
[2014-02-20 09:38:29] WARN  Could not determine content-length of response body. Set content-length of the response or set Response#chunked = true
[2014-02-20 09:38:29] WARN  Could not determine content-length of response body. Set content-length of the response or set Response#chunked = true
[2014-02-20 09:38:29] WARN  Could not determine content-length of response body. Set content-length of the response or set Response#chunked = true
[2014-02-20 09:38:29] WARN  Could not determine content-length of response body. Set content-length of the response or set Response#chunked = true
[2014-02-20 09:38:29] WARN  Could not determine content-length of response body. Set content-length of the response or set Response#chunked = true
[2014-02-20 09:38:29] WARN  Could not determine content-length of response body. Set content-length of the response or set Response#chunked = true
[2014-02-20 09:38:29] WARN  Could not determine content-length of response body. Set content-length of the response or set Response#chunked = true
[2014-02-20 09:38:29] WARN  Could not determine content-length of response body. Set content-length of the response or set Response#chunked = true
[2014-02-20 09:38:29] WARN  Could not determine content-length of response body. Set content-length of the response or set Response#chunked = true
[2014-02-20 10:25:09] ERROR bad URI `\x00\x009\x00\x008\x00\x005\x00\x00\x16\x00\x00\x13\x00\x00'.
[2014-02-20 12:16:06] WARN  Could not determine content-length of response body. Set content-length of the response or set Response#chunked = true
=> Booting WEBrick
=> Rails 3.2.13 application starting in development on http://0.0.0.0:80
=> Call with -d to detach
=> Ctrl-C to shutdown server


Started GET "/mlogin" for 222.95.150.145 at 2014-02-20 09:34:25 +0800
Processing by MembersController#login as HTML
  Rendered members/login.html.erb within layouts/login (21.2ms)
  [1m[36mUser Load (0.1ms)[0m  [1mSELECT `users`.* FROM `users` WHERE `users`.`token` = 'J36FC5EQBK20ScGC9Vn1-A' LIMIT 1[0m
  Rendered shared/_header.html.erb (110.0ms)
Completed 200 OK in 168ms (Views: 166.0ms | ActiveRecord: 1.2ms)


Started GET "/assets/application.css" for 222.95.150.145 at 2014-02-20 09:34:26 +0800
Served asset /application.css - 304 Not Modified (33ms)


Started GET "/assets/application.js" for 222.95.150.145 at 2014-02-20 09:34:26 +0800
Served asset /application.js - 304 Not Modified (27ms)


Started GET "/11:22:33:44:55:66/portal" for 222.95.150.145 at 2014-02-20 09:38:28 +0800
Processing by PortalController#portal as HTML
  Parameters: {"member_mac"=>"11:22:33:44:55:66"}
  [1m[35mUser Load (0.1ms)[0m  SELECT `users`.* FROM `users` WHERE `users`.`mac` = '11:22:33:44:55:66' LIMIT 1
  Rendered portal/_menu.html.erb (0.3ms)
  Rendered portal/_group.html.erb (0.3ms)
  Rendered portal/_weibo.html.erb (0.3ms)
  Rendered portal/_game.html.erb (0.3ms)
  Rendered portal/portal.html.erb (4.2ms)
Completed 200 OK in 19ms (Views: 5.4ms | ActiveRecord: 0.1ms)


Started GET "/mlogin" for 222.95.150.145 at 2014-02-20 09:52:45 +0800
Processing by MembersController#login as HTML
  Rendered members/login.html.erb within layouts/login (1.6ms)
  Rendered shared/_header.html.erb (0.5ms)
Completed 200 OK in 5ms (Views: 4.7ms | ActiveRecord: 0.0ms)


Started GET "/mlogin" for 222.95.150.145 at 2014-02-20 09:52:47 +0800
Processing by MembersController#login as HTML
  Rendered members/login.html.erb within layouts/login (0.9ms)
  Rendered shared/_header.html.erb (0.4ms)
Completed 200 OK in 4ms (Views: 3.4ms | ActiveRecord: 0.0ms)


Started GET "/assets/application.css" for 222.95.150.145 at 2014-02-20 09:52:48 +0800
Served asset /application.css - 200 OK (2ms)


Started GET "/assets/application.js" for 222.95.150.145 at 2014-02-20 09:52:49 +0800
Served asset /application.js - 200 OK (2ms)


Started GET "/mlogin" for 222.95.150.145 at 2014-02-20 09:52:57 +0800
Processing by MembersController#login as HTML
  Rendered members/login.html.erb within layouts/login (1.1ms)
  Rendered shared/_header.html.erb (0.4ms)
Completed 200 OK in 4ms (Views: 3.7ms | ActiveRecord: 0.0ms)


Started GET "/mlogin" for 222.95.150.145 at 2014-02-20 09:53:33 +0800
Processing by MembersController#login as HTML
  Rendered members/login.html.erb within layouts/login (1.0ms)
  Rendered shared/_header.html.erb (0.3ms)
Completed 200 OK in 3ms (Views: 3.3ms | ActiveRecord: 0.0ms)


Started GET "/mlogin" for 222.95.150.145 at 2014-02-20 09:53:34 +0800
Processing by MembersController#login as HTML
  Rendered members/login.html.erb within layouts/login (0.9ms)
  Rendered shared/_header.html.erb (0.3ms)
Completed 200 OK in 3ms (Views: 3.2ms | ActiveRecord: 0.0ms)


Started GET "/assets/application.css" for 222.95.150.145 at 2014-02-20 09:53:34 +0800
Served asset /application.css - 200 OK (2ms)


Started GET "/assets/application.js" for 222.95.150.145 at 2014-02-20 09:53:35 +0800
Served asset /application.js - 200 OK (1ms)


Started GET "/mlogin" for 222.95.150.145 at 2014-02-20 09:53:37 +0800
Processing by MembersController#login as HTML
  Rendered members/login.html.erb within layouts/login (1.0ms)
  Rendered shared/_header.html.erb (0.3ms)
Completed 200 OK in 3ms (Views: 3.3ms | ActiveRecord: 0.0ms)


Started GET "/HNAP1/" for 75.112.160.49 at 2014-02-20 10:25:10 +0800

ActionController::RoutingError (No route matches [GET] "/HNAP1"):
  actionpack (3.2.13) lib/action_dispatch/middleware/debug_exceptions.rb:21:in `call'
  actionpack (3.2.13) lib/action_dispatch/middleware/show_exceptions.rb:56:in `call'
  railties (3.2.13) lib/rails/rack/logger.rb:32:in `call_app'
  railties (3.2.13) lib/rails/rack/logger.rb:16:in `block in call'
  activesupport (3.2.13) lib/active_support/tagged_logging.rb:22:in `tagged'
  railties (3.2.13) lib/rails/rack/logger.rb:16:in `call'
  actionpack (3.2.13) lib/action_dispatch/middleware/request_id.rb:22:in `call'
  rack (1.4.5) lib/rack/methodoverride.rb:21:in `call'
  rack (1.4.5) lib/rack/runtime.rb:17:in `call'
  activesupport (3.2.13) lib/active_support/cache/strategy/local_cache.rb:72:in `call'
  rack (1.4.5) lib/rack/lock.rb:15:in `call'
  actionpack (3.2.13) lib/action_dispatch/middleware/static.rb:63:in `call'
  railties (3.2.13) lib/rails/engine.rb:479:in `call'
  railties (3.2.13) lib/rails/application.rb:223:in `call'
  rack (1.4.5) lib/rack/content_length.rb:14:in `call'
  railties (3.2.13) lib/rails/rack/log_tailer.rb:17:in `call'
  rack (1.4.5) lib/rack/handler/webrick.rb:59:in `service'
  /root/.rbenv/versions/1.9.3-p392/lib/ruby/1.9.1/webrick/httpserver.rb:138:in `service'
  /root/.rbenv/versions/1.9.3-p392/lib/ruby/1.9.1/webrick/httpserver.rb:94:in `run'
  /root/.rbenv/versions/1.9.3-p392/lib/ruby/1.9.1/webrick/server.rb:191:in `block in start_thread'


  Rendered /root/.rbenv/versions/1.9.3-p392/lib/ruby/gems/1.9.1/gems/actionpack-3.2.13/lib/action_dispatch/middleware/templates/rescues/routing_error.erb within rescues/layout (0.8ms)


Started GET "/mlogin" for 119.147.146.194 at 2014-02-20 12:15:53 +0800
Processing by MembersController#login as HTML
  Rendered members/login.html.erb within layouts/login (1.4ms)
  Rendered shared/_header.html.erb (0.5ms)
Completed 200 OK in 5ms (Views: 4.3ms | ActiveRecord: 0.0ms)


Started GET "/mlogin" for 183.129.172.66 at 2014-02-20 12:15:53 +0800
Processing by MembersController#login as HTML
  Rendered members/login.html.erb within layouts/login (25.9ms)
  Rendered shared/_header.html.erb (0.4ms)
Completed 200 OK in 29ms (Views: 28.7ms | ActiveRecord: 0.0ms)


Started GET "/assets/application.css" for 183.129.172.66 at 2014-02-20 12:15:54 +0800
Served asset /application.css - 200 OK (2ms)


Started GET "/assets/application.js" for 183.129.172.66 at 2014-02-20 12:15:54 +0800
Served asset /application.js - 200 OK (1ms)


Started GET "/assets/application.js" for 119.147.146.194 at 2014-02-20 12:15:54 +0800
Served asset /application.js - 200 OK (1ms)


Started GET "/mlogin" for 183.129.172.66 at 2014-02-20 12:16:06 +0800
Processing by MembersController#login as HTML
  Rendered members/login.html.erb within layouts/login (1.0ms)
  Rendered shared/_header.html.erb (0.3ms)
Completed 200 OK in 4ms (Views: 3.5ms | ActiveRecord: 0.0ms)


Started GET "/cgi-bin/php" for 188.212.100.81 at 2014-02-20 12:51:53 +0800

ActionController::RoutingError (No route matches [GET] "/cgi-bin/php"):
  actionpack (3.2.13) lib/action_dispatch/middleware/debug_exceptions.rb:21:in `call'
  actionpack (3.2.13) lib/action_dispatch/middleware/show_exceptions.rb:56:in `call'
  railties (3.2.13) lib/rails/rack/logger.rb:32:in `call_app'
  railties (3.2.13) lib/rails/rack/logger.rb:16:in `block in call'
  activesupport (3.2.13) lib/active_support/tagged_logging.rb:22:in `tagged'
  railties (3.2.13) lib/rails/rack/logger.rb:16:in `call'
  actionpack (3.2.13) lib/action_dispatch/middleware/request_id.rb:22:in `call'
  rack (1.4.5) lib/rack/methodoverride.rb:21:in `call'
  rack (1.4.5) lib/rack/runtime.rb:17:in `call'
  activesupport (3.2.13) lib/active_support/cache/strategy/local_cache.rb:72:in `call'
  rack (1.4.5) lib/rack/lock.rb:15:in `call'
  actionpack (3.2.13) lib/action_dispatch/middleware/static.rb:63:in `call'
  railties (3.2.13) lib/rails/engine.rb:479:in `call'
  railties (3.2.13) lib/rails/application.rb:223:in `call'
  rack (1.4.5) lib/rack/content_length.rb:14:in `call'
  railties (3.2.13) lib/rails/rack/log_tailer.rb:17:in `call'
  rack (1.4.5) lib/rack/handler/webrick.rb:59:in `service'
  /root/.rbenv/versions/1.9.3-p392/lib/ruby/1.9.1/webrick/httpserver.rb:138:in `service'
  /root/.rbenv/versions/1.9.3-p392/lib/ruby/1.9.1/webrick/httpserver.rb:94:in `run'
  /root/.rbenv/versions/1.9.3-p392/lib/ruby/1.9.1/webrick/server.rb:191:in `block in start_thread'


  Rendered /root/.rbenv/versions/1.9.3-p392/lib/ruby/gems/1.9.1/gems/actionpack-3.2.13/lib/action_dispatch/middleware/templates/rescues/routing_error.erb within rescues/layout (0.8ms)
[2014-02-20 13:05:19] ERROR Errno::ECONNRESET: Connection reset by peer
	/root/.rbenv/versions/1.9.3-p392/lib/ruby/1.9.1/webrick/httpserver.rb:80:in `eof?'
	/root/.rbenv/versions/1.9.3-p392/lib/ruby/1.9.1/webrick/httpserver.rb:80:in `run'
	/root/.rbenv/versions/1.9.3-p392/lib/ruby/1.9.1/webrick/server.rb:191:in `block in start_thread'


Started GET "/cgi-bin/php5" for 188.212.100.81 at 2014-02-20 12:51:55 +0800

ActionController::RoutingError (No route matches [GET] "/cgi-bin/php5"):
  actionpack (3.2.13) lib/action_dispatch/middleware/debug_exceptions.rb:21:in `call'
  actionpack (3.2.13) lib/action_dispatch/middleware/show_exceptions.rb:56:in `call'
  railties (3.2.13) lib/rails/rack/logger.rb:32:in `call_app'
  railties (3.2.13) lib/rails/rack/logger.rb:16:in `block in call'
  activesupport (3.2.13) lib/active_support/tagged_logging.rb:22:in `tagged'
  railties (3.2.13) lib/rails/rack/logger.rb:16:in `call'
  actionpack (3.2.13) lib/action_dispatch/middleware/request_id.rb:22:in `call'
  rack (1.4.5) lib/rack/methodoverride.rb:21:in `call'
  rack (1.4.5) lib/rack/runtime.rb:17:in `call'
  activesupport (3.2.13) lib/active_support/cache/strategy/local_cache.rb:72:in `call'
  rack (1.4.5) lib/rack/lock.rb:15:in `call'
  actionpack (3.2.13) lib/action_dispatch/middleware/static.rb:63:in `call'
  railties (3.2.13) lib/rails/engine.rb:479:in `call'
  railties (3.2.13) lib/rails/application.rb:223:in `call'
  rack (1.4.5) lib/rack/content_length.rb:14:in `call'
  railties (3.2.13) lib/rails/rack/log_tailer.rb:17:in `call'
  rack (1.4.5) lib/rack/handler/webrick.rb:59:in `service'
  /root/.rbenv/versions/1.9.3-p392/lib/ruby/1.9.1/webrick/httpserver.rb:138:in `service'
  /root/.rbenv/versions/1.9.3-p392/lib/ruby/1.9.1/webrick/httpserver.rb:94:in `run'
  /root/.rbenv/versions/1.9.3-p392/lib/ruby/1.9.1/webrick/server.rb:191:in `block in start_thread'


  Rendered /root/.rbenv/versions/1.9.3-p392/lib/ruby/gems/1.9.1/gems/actionpack-3.2.13/lib/action_dispatch/middleware/templates/rescues/routing_error.erb within rescues/layout (0.6ms)


Started GET "/cgi-bin/php-cgi" for 188.212.100.81 at 2014-02-20 12:51:56 +0800

ActionController::RoutingError (No route matches [GET] "/cgi-bin/php-cgi"):
  actionpack (3.2.13) lib/action_dispatch/middleware/debug_exceptions.rb:21:in `call'
  actionpack (3.2.13) lib/action_dispatch/middleware/show_exceptions.rb:56:in `call'
  railties (3.2.13) lib/rails/rack/logger.rb:32:in `call_app'
  railties (3.2.13) lib/rails/rack/logger.rb:16:in `block in call'
  activesupport (3.2.13) lib/active_support/tagged_logging.rb:22:in `tagged'
  railties (3.2.13) lib/rails/rack/logger.rb:16:in `call'
  actionpack (3.2.13) lib/action_dispatch/middleware/request_id.rb:22:in `call'
  rack (1.4.5) lib/rack/methodoverride.rb:21:in `call'
  rack (1.4.5) lib/rack/runtime.rb:17:in `call'
  activesupport (3.2.13) lib/active_support/cache/strategy/local_cache.rb:72:in `call'
  rack (1.4.5) lib/rack/lock.rb:15:in `call'
  actionpack (3.2.13) lib/action_dispatch/middleware/static.rb:63:in `call'
  railties (3.2.13) lib/rails/engine.rb:479:in `call'
  railties (3.2.13) lib/rails/application.rb:223:in `call'
  rack (1.4.5) lib/rack/content_length.rb:14:in `call'
  railties (3.2.13) lib/rails/rack/log_tailer.rb:17:in `call'
  rack (1.4.5) lib/rack/handler/webrick.rb:59:in `service'
  /root/.rbenv/versions/1.9.3-p392/lib/ruby/1.9.1/webrick/httpserver.rb:138:in `service'
  /root/.rbenv/versions/1.9.3-p392/lib/ruby/1.9.1/webrick/httpserver.rb:94:in `run'
  /root/.rbenv/versions/1.9.3-p392/lib/ruby/1.9.1/webrick/server.rb:191:in `block in start_thread'


  Rendered /root/.rbenv/versions/1.9.3-p392/lib/ruby/gems/1.9.1/gems/actionpack-3.2.13/lib/action_dispatch/middleware/templates/rescues/routing_error.erb within rescues/layout (0.5ms)


Started GET "/cgi-bin/php.cgi" for 188.212.100.81 at 2014-02-20 12:51:58 +0800

ActionController::RoutingError (No route matches [GET] "/cgi-bin/php.cgi"):
  actionpack (3.2.13) lib/action_dispatch/middleware/debug_exceptions.rb:21:in `call'
  actionpack (3.2.13) lib/action_dispatch/middleware/show_exceptions.rb:56:in `call'
  railties (3.2.13) lib/rails/rack/logger.rb:32:in `call_app'
  railties (3.2.13) lib/rails/rack/logger.rb:16:in `block in call'
  activesupport (3.2.13) lib/active_support/tagged_logging.rb:22:in `tagged'
  railties (3.2.13) lib/rails/rack/logger.rb:16:in `call'
  actionpack (3.2.13) lib/action_dispatch/middleware/request_id.rb:22:in `call'
  rack (1.4.5) lib/rack/methodoverride.rb:21:in `call'
  rack (1.4.5) lib/rack/runtime.rb:17:in `call'
  activesupport (3.2.13) lib/active_support/cache/strategy/local_cache.rb:72:in `call'
  rack (1.4.5) lib/rack/lock.rb:15:in `call'
  actionpack (3.2.13) lib/action_dispatch/middleware/static.rb:63:in `call'
  railties (3.2.13) lib/rails/engine.rb:479:in `call'
  railties (3.2.13) lib/rails/application.rb:223:in `call'
  rack (1.4.5) lib/rack/content_length.rb:14:in `call'
  railties (3.2.13) lib/rails/rack/log_tailer.rb:17:in `call'
  rack (1.4.5) lib/rack/handler/webrick.rb:59:in `service'
  /root/.rbenv/versions/1.9.3-p392/lib/ruby/1.9.1/webrick/httpserver.rb:138:in `service'
  /root/.rbenv/versions/1.9.3-p392/lib/ruby/1.9.1/webrick/httpserver.rb:94:in `run'
  /root/.rbenv/versions/1.9.3-p392/lib/ruby/1.9.1/webrick/server.rb:191:in `block in start_thread'


  Rendered /root/.rbenv/versions/1.9.3-p392/lib/ruby/gems/1.9.1/gems/actionpack-3.2.13/lib/action_dispatch/middleware/templates/rescues/routing_error.erb within rescues/layout (0.5ms)


Started GET "/cgi-bin/php4" for 188.212.100.81 at 2014-02-20 12:51:59 +0800

ActionController::RoutingError (No route matches [GET] "/cgi-bin/php4"):
  actionpack (3.2.13) lib/action_dispatch/middleware/debug_exceptions.rb:21:in `call'
  actionpack (3.2.13) lib/action_dispatch/middleware/show_exceptions.rb:56:in `call'
  railties (3.2.13) lib/rails/rack/logger.rb:32:in `call_app'
  railties (3.2.13) lib/rails/rack/logger.rb:16:in `block in call'
  activesupport (3.2.13) lib/active_support/tagged_logging.rb:22:in `tagged'
  railties (3.2.13) lib/rails/rack/logger.rb:16:in `call'
  actionpack (3.2.13) lib/action_dispatch/middleware/request_id.rb:22:in `call'
  rack (1.4.5) lib/rack/methodoverride.rb:21:in `call'
  rack (1.4.5) lib/rack/runtime.rb:17:in `call'
  activesupport (3.2.13) lib/active_support/cache/strategy/local_cache.rb:72:in `call'
  rack (1.4.5) lib/rack/lock.rb:15:in `call'
  actionpack (3.2.13) lib/action_dispatch/middleware/static.rb:63:in `call'
  railties (3.2.13) lib/rails/engine.rb:479:in `call'
  railties (3.2.13) lib/rails/application.rb:223:in `call'
  rack (1.4.5) lib/rack/content_length.rb:14:in `call'
  railties (3.2.13) lib/rails/rack/log_tailer.rb:17:in `call'
  rack (1.4.5) lib/rack/handler/webrick.rb:59:in `service'
  /root/.rbenv/versions/1.9.3-p392/lib/ruby/1.9.1/webrick/httpserver.rb:138:in `service'
  /root/.rbenv/versions/1.9.3-p392/lib/ruby/1.9.1/webrick/httpserver.rb:94:in `run'
  /root/.rbenv/versions/1.9.3-p392/lib/ruby/1.9.1/webrick/server.rb:191:in `block in start_thread'


  Rendered /root/.rbenv/versions/1.9.3-p392/lib/ruby/gems/1.9.1/gems/actionpack-3.2.13/lib/action_dispatch/middleware/templates/rescues/routing_error.erb within rescues/layout (0.5ms)


Started GET "/" for 198.20.69.74 at 2014-02-20 13:05:18 +0800
Processing by AboutController#main as HTML
Redirected to http://124.127.116.183/login
Completed 302 Found in 1ms (ActiveRecord: 0.0ms)


Started GET "/phpTest/zologize/axa.php" for 175.99.86.37 at 2014-02-20 14:31:00 +0800

ActionController::RoutingError (No route matches [GET] "/phpTest/zologize/axa.php"):
  actionpack (3.2.13) lib/action_dispatch/middleware/debug_exceptions.rb:21:in `call'
  actionpack (3.2.13) lib/action_dispatch/middleware/show_exceptions.rb:56:in `call'
  railties (3.2.13) lib/rails/rack/logger.rb:32:in `call_app'
  railties (3.2.13) lib/rails/rack/logger.rb:16:in `block in call'
  activesupport (3.2.13) lib/active_support/tagged_logging.rb:22:in `tagged'
  railties (3.2.13) lib/rails/rack/logger.rb:16:in `call'
  actionpack (3.2.13) lib/action_dispatch/middleware/request_id.rb:22:in `call'
  rack (1.4.5) lib/rack/methodoverride.rb:21:in `call'
  rack (1.4.5) lib/rack/runtime.rb:17:in `call'
  activesupport (3.2.13) lib/active_support/cache/strategy/local_cache.rb:72:in `call'
  rack (1.4.5) lib/rack/lock.rb:15:in `call'
  actionpack (3.2.13) lib/action_dispatch/middleware/static.rb:63:in `call'
  railties (3.2.13) lib/rails/engine.rb:479:in `call'
  railties (3.2.13) lib/rails/application.rb:223:in `call'
  rack (1.4.5) lib/rack/content_length.rb:14:in `call'
  railties (3.2.13) lib/rails/rack/log_tailer.rb:17:in `call'
  rack (1.4.5) lib/rack/handler/webrick.rb:59:in `service'
  /root/.rbenv/versions/1.9.3-p392/lib/ruby/1.9.1/webrick/httpserver.rb:138:in `service'
  /root/.rbenv/versions/1.9.3-p392/lib/ruby/1.9.1/webrick/httpserver.rb:94:in `run'
  /root/.rbenv/versions/1.9.3-p392/lib/ruby/1.9.1/webrick/server.rb:191:in `block in start_thread'


  Rendered /root/.rbenv/versions/1.9.3-p392/lib/ruby/gems/1.9.1/gems/actionpack-3.2.13/lib/action_dispatch/middleware/templates/rescues/routing_error.erb within rescues/layout (0.7ms)


Started GET "/phpMyAdmin/scripts/setup.php" for 175.99.86.37 at 2014-02-20 14:31:01 +0800

ActionController::RoutingError (No route matches [GET] "/phpMyAdmin/scripts/setup.php"):
  actionpack (3.2.13) lib/action_dispatch/middleware/debug_exceptions.rb:21:in `call'
  actionpack (3.2.13) lib/action_dispatch/middleware/show_exceptions.rb:56:in `call'
  railties (3.2.13) lib/rails/rack/logger.rb:32:in `call_app'
  railties (3.2.13) lib/rails/rack/logger.rb:16:in `block in call'
  activesupport (3.2.13) lib/active_support/tagged_logging.rb:22:in `tagged'
  railties (3.2.13) lib/rails/rack/logger.rb:16:in `call'
  actionpack (3.2.13) lib/action_dispatch/middleware/request_id.rb:22:in `call'
  rack (1.4.5) lib/rack/methodoverride.rb:21:in `call'
  rack (1.4.5) lib/rack/runtime.rb:17:in `call'
  activesupport (3.2.13) lib/active_support/cache/strategy/local_cache.rb:72:in `call'
  rack (1.4.5) lib/rack/lock.rb:15:in `call'
  actionpack (3.2.13) lib/action_dispatch/middleware/static.rb:63:in `call'
  railties (3.2.13) lib/rails/engine.rb:479:in `call'
  railties (3.2.13) lib/rails/application.rb:223:in `call'
  rack (1.4.5) lib/rack/content_length.rb:14:in `call'
  railties (3.2.13) lib/rails/rack/log_tailer.rb:17:in `call'
  rack (1.4.5) lib/rack/handler/webrick.rb:59:in `service'
  /root/.rbenv/versions/1.9.3-p392/lib/ruby/1.9.1/webrick/httpserver.rb:138:in `service'
  /root/.rbenv/versions/1.9.3-p392/lib/ruby/1.9.1/webrick/httpserver.rb:94:in `run'
  /root/.rbenv/versions/1.9.3-p392/lib/ruby/1.9.1/webrick/server.rb:191:in `block in start_thread'


  Rendered /root/.rbenv/versions/1.9.3-p392/lib/ruby/gems/1.9.1/gems/actionpack-3.2.13/lib/action_dispatch/middleware/templates/rescues/routing_error.erb within rescues/layout (0.5ms)


Started GET "/pma/scripts/setup.php" for 175.99.86.37 at 2014-02-20 14:31:01 +0800

ActionController::RoutingError (No route matches [GET] "/pma/scripts/setup.php"):
  actionpack (3.2.13) lib/action_dispatch/middleware/debug_exceptions.rb:21:in `call'
  actionpack (3.2.13) lib/action_dispatch/middleware/show_exceptions.rb:56:in `call'
  railties (3.2.13) lib/rails/rack/logger.rb:32:in `call_app'
  railties (3.2.13) lib/rails/rack/logger.rb:16:in `block in call'
  activesupport (3.2.13) lib/active_support/tagged_logging.rb:22:in `tagged'
  railties (3.2.13) lib/rails/rack/logger.rb:16:in `call'
  actionpack (3.2.13) lib/action_dispatch/middleware/request_id.rb:22:in `call'
  rack (1.4.5) lib/rack/methodoverride.rb:21:in `call'
  rack (1.4.5) lib/rack/runtime.rb:17:in `call'
  activesupport (3.2.13) lib/active_support/cache/strategy/local_cache.rb:72:in `call'
  rack (1.4.5) lib/rack/lock.rb:15:in `call'
  actionpack (3.2.13) lib/action_dispatch/middleware/static.rb:63:in `call'
  railties (3.2.13) lib/rails/engine.rb:479:in `call'
  railties (3.2.13) lib/rails/application.rb:223:in `call'
  rack (1.4.5) lib/rack/content_length.rb:14:in `call'
  railties (3.2.13) lib/rails/rack/log_tailer.rb:17:in `call'
  rack (1.4.5) lib/rack/handler/webrick.rb:59:in `service'
  /root/.rbenv/versions/1.9.3-p392/lib/ruby/1.9.1/webrick/httpserver.rb:138:in `service'
  /root/.rbenv/versions/1.9.3-p392/lib/ruby/1.9.1/webrick/httpserver.rb:94:in `run'
  /root/.rbenv/versions/1.9.3-p392/lib/ruby/1.9.1/webrick/server.rb:191:in `block in start_thread'


  Rendered /root/.rbenv/versions/1.9.3-p392/lib/ruby/gems/1.9.1/gems/actionpack-3.2.13/lib/action_dispatch/middleware/templates/rescues/routing_error.erb within rescues/layout (0.5ms)


Started GET "/myadmin/scripts/setup.php" for 175.99.86.37 at 2014-02-20 14:31:02 +0800

ActionController::RoutingError (No route matches [GET] "/myadmin/scripts/setup.php"):
  actionpack (3.2.13) lib/action_dispatch/middleware/debug_exceptions.rb:21:in `call'
  actionpack (3.2.13) lib/action_dispatch/middleware/show_exceptions.rb:56:in `call'
  railties (3.2.13) lib/rails/rack/logger.rb:32:in `call_app'
  railties (3.2.13) lib/rails/rack/logger.rb:16:in `block in call'
  activesupport (3.2.13) lib/active_support/tagged_logging.rb:22:in `tagged'
  railties (3.2.13) lib/rails/rack/logger.rb:16:in `call'
  actionpack (3.2.13) lib/action_dispatch/middleware/request_id.rb:22:in `call'
  rack (1.4.5) lib/rack/methodoverride.rb:21:in `call'
  rack (1.4.5) lib/rack/runtime.rb:17:in `call'
  activesupport (3.2.13) lib/active_support/cache/strategy/local_cache.rb:72:in `call'
  rack (1.4.5) lib/rack/lock.rb:15:in `call'
  actionpack (3.2.13) lib/action_dispatch/middleware/static.rb:63:in `call'
  railties (3.2.13) lib/rails/engine.rb:479:in `call'
  railties (3.2.13) lib/rails/application.rb:223:in `call'
  rack (1.4.5) lib/rack/content_length.rb:14:in `call'
  railties (3.2.13) lib/rails/rack/log_tailer.rb:17:in `call'
  rack (1.4.5) lib/rack/handler/webrick.rb:59:in `service'
  /root/.rbenv/versions/1.9.3-p392/lib/ruby/1.9.1/webrick/httpserver.rb:138:in `service'
  /root/.rbenv/versions/1.9.3-p392/lib/ruby/1.9.1/webrick/httpserver.rb:94:in `run'
  /root/.rbenv/versions/1.9.3-p392/lib/ruby/1.9.1/webrick/server.rb:191:in `block in start_thread'


  Rendered /root/.rbenv/versions/1.9.3-p392/lib/ruby/gems/1.9.1/gems/actionpack-3.2.13/lib/action_dispatch/middleware/templates/rescues/routing_error.erb within rescues/layout (0.5ms)


Started GET "/phpTest/zologize/axa.php" for 64.31.46.35 at 2014-02-20 14:58:26 +0800

ActionController::RoutingError (No route matches [GET] "/phpTest/zologize/axa.php"):
  actionpack (3.2.13) lib/action_dispatch/middleware/debug_exceptions.rb:21:in `call'
  actionpack (3.2.13) lib/action_dispatch/middleware/show_exceptions.rb:56:in `call'
  railties (3.2.13) lib/rails/rack/logger.rb:32:in `call_app'
  railties (3.2.13) lib/rails/rack/logger.rb:16:in `block in call'
  activesupport (3.2.13) lib/active_support/tagged_logging.rb:22:in `tagged'
  railties (3.2.13) lib/rails/rack/logger.rb:16:in `call'
  actionpack (3.2.13) lib/action_dispatch/middleware/request_id.rb:22:in `call'
  rack (1.4.5) lib/rack/methodoverride.rb:21:in `call'
  rack (1.4.5) lib/rack/runtime.rb:17:in `call'
  activesupport (3.2.13) lib/active_support/cache/strategy/local_cache.rb:72:in `call'
  rack (1.4.5) lib/rack/lock.rb:15:in `call'
  actionpack (3.2.13) lib/action_dispatch/middleware/static.rb:63:in `call'
  railties (3.2.13) lib/rails/engine.rb:479:in `call'
  railties (3.2.13) lib/rails/application.rb:223:in `call'
  rack (1.4.5) lib/rack/content_length.rb:14:in `call'
  railties (3.2.13) lib/rails/rack/log_tailer.rb:17:in `call'
  rack (1.4.5) lib/rack/handler/webrick.rb:59:in `service'
  /root/.rbenv/versions/1.9.3-p392/lib/ruby/1.9.1/webrick/httpserver.rb:138:in `service'
  /root/.rbenv/versions/1.9.3-p392/lib/ruby/1.9.1/webrick/httpserver.rb:94:in `run'
  /root/.rbenv/versions/1.9.3-p392/lib/ruby/1.9.1/webrick/server.rb:191:in `block in start_thread'


  Rendered /root/.rbenv/versions/1.9.3-p392/lib/ruby/gems/1.9.1/gems/actionpack-3.2.13/lib/action_dispatch/middleware/templates/rescues/routing_error.erb within rescues/layout (0.8ms)


Started GET "/phpMyAdmin/scripts/setup.php" for 64.31.46.35 at 2014-02-20 14:58:28 +0800

ActionController::RoutingError (No route matches [GET] "/phpMyAdmin/scripts/setup.php"):
  actionpack (3.2.13) lib/action_dispatch/middleware/debug_exceptions.rb:21:in `call'
  actionpack (3.2.13) lib/action_dispatch/middleware/show_exceptions.rb:56:in `call'
  railties (3.2.13) lib/rails/rack/logger.rb:32:in `call_app'
  railties (3.2.13) lib/rails/rack/logger.rb:16:in `block in call'
  activesupport (3.2.13) lib/active_support/tagged_logging.rb:22:in `tagged'
  railties (3.2.13) lib/rails/rack/logger.rb:16:in `call'
  actionpack (3.2.13) lib/action_dispatch/middleware/request_id.rb:22:in `call'
  rack (1.4.5) lib/rack/methodoverride.rb:21:in `call'
  rack (1.4.5) lib/rack/runtime.rb:17:in `call'
  activesupport (3.2.13) lib/active_support/cache/strategy/local_cache.rb:72:in `call'
  rack (1.4.5) lib/rack/lock.rb:15:in `call'
  actionpack (3.2.13) lib/action_dispatch/middleware/static.rb:63:in `call'
  railties (3.2.13) lib/rails/engine.rb:479:in `call'
  railties (3.2.13) lib/rails/application.rb:223:in `call'
  rack (1.4.5) lib/rack/content_length.rb:14:in `call'
  railties (3.2.13) lib/rails/rack/log_tailer.rb:17:in `call'
  rack (1.4.5) lib/rack/handler/webrick.rb:59:in `service'
  /root/.rbenv/versions/1.9.3-p392/lib/ruby/1.9.1/webrick/httpserver.rb:138:in `service'
  /root/.rbenv/versions/1.9.3-p392/lib/ruby/1.9.1/webrick/httpserver.rb:94:in `run'
  /root/.rbenv/versions/1.9.3-p392/lib/ruby/1.9.1/webrick/server.rb:191:in `block in start_thread'


  Rendered /root/.rbenv/versions/1.9.3-p392/lib/ruby/gems/1.9.1/gems/actionpack-3.2.13/lib/action_dispatch/middleware/templates/rescues/routing_error.erb within rescues/layout (0.5ms)
[2014-02-20 15:03:12] WARN  Could not determine content-length of response body. Set content-length of the response or set Response#chunked = true
[2014-02-20 15:03:12] WARN  Could not determine content-length of response body. Set content-length of the response or set Response#chunked = true
[2014-02-20 15:03:12] WARN  Could not determine content-length of response body. Set content-length of the response or set Response#chunked = true
[2014-02-20 15:13:09] WARN  Could not determine content-length of response body. Set content-length of the response or set Response#chunked = true
[2014-02-20 15:13:36] WARN  Could not determine content-length of response body. Set content-length of the response or set Response#chunked = true
[2014-02-20 15:13:37] WARN  Could not determine content-length of response body. Set content-length of the response or set Response#chunked = true
[2014-02-20 15:13:37] WARN  Could not determine content-length of response body. Set content-length of the response or set Response#chunked = true
[2014-02-20 15:18:35] WARN  Could not determine content-length of response body. Set content-length of the response or set Response#chunked = true
[2014-02-20 15:18:35] WARN  Could not determine content-length of response body. Set content-length of the response or set Response#chunked = true
[2014-02-20 15:18:42] WARN  Could not determine content-length of response body. Set content-length of the response or set Response#chunked = true


Started GET "/pma/scripts/setup.php" for 64.31.46.35 at 2014-02-20 14:58:29 +0800

ActionController::RoutingError (No route matches [GET] "/pma/scripts/setup.php"):
  actionpack (3.2.13) lib/action_dispatch/middleware/debug_exceptions.rb:21:in `call'
  actionpack (3.2.13) lib/action_dispatch/middleware/show_exceptions.rb:56:in `call'
  railties (3.2.13) lib/rails/rack/logger.rb:32:in `call_app'
  railties (3.2.13) lib/rails/rack/logger.rb:16:in `block in call'
  activesupport (3.2.13) lib/active_support/tagged_logging.rb:22:in `tagged'
  railties (3.2.13) lib/rails/rack/logger.rb:16:in `call'
  actionpack (3.2.13) lib/action_dispatch/middleware/request_id.rb:22:in `call'
  rack (1.4.5) lib/rack/methodoverride.rb:21:in `call'
  rack (1.4.5) lib/rack/runtime.rb:17:in `call'
  activesupport (3.2.13) lib/active_support/cache/strategy/local_cache.rb:72:in `call'
  rack (1.4.5) lib/rack/lock.rb:15:in `call'
  actionpack (3.2.13) lib/action_dispatch/middleware/static.rb:63:in `call'
  railties (3.2.13) lib/rails/engine.rb:479:in `call'
  railties (3.2.13) lib/rails/application.rb:223:in `call'
  rack (1.4.5) lib/rack/content_length.rb:14:in `call'
  railties (3.2.13) lib/rails/rack/log_tailer.rb:17:in `call'
  rack (1.4.5) lib/rack/handler/webrick.rb:59:in `service'
  /root/.rbenv/versions/1.9.3-p392/lib/ruby/1.9.1/webrick/httpserver.rb:138:in `service'
  /root/.rbenv/versions/1.9.3-p392/lib/ruby/1.9.1/webrick/httpserver.rb:94:in `run'
  /root/.rbenv/versions/1.9.3-p392/lib/ruby/1.9.1/webrick/server.rb:191:in `block in start_thread'


  Rendered /root/.rbenv/versions/1.9.3-p392/lib/ruby/gems/1.9.1/gems/actionpack-3.2.13/lib/action_dispatch/middleware/templates/rescues/routing_error.erb within rescues/layout (0.5ms)


Started GET "/myadmin/scripts/setup.php" for 64.31.46.35 at 2014-02-20 14:58:30 +0800

ActionController::RoutingError (No route matches [GET] "/myadmin/scripts/setup.php"):
  actionpack (3.2.13) lib/action_dispatch/middleware/debug_exceptions.rb:21:in `call'
  actionpack (3.2.13) lib/action_dispatch/middleware/show_exceptions.rb:56:in `call'
  railties (3.2.13) lib/rails/rack/logger.rb:32:in `call_app'
  railties (3.2.13) lib/rails/rack/logger.rb:16:in `block in call'
  activesupport (3.2.13) lib/active_support/tagged_logging.rb:22:in `tagged'
  railties (3.2.13) lib/rails/rack/logger.rb:16:in `call'
  actionpack (3.2.13) lib/action_dispatch/middleware/request_id.rb:22:in `call'
  rack (1.4.5) lib/rack/methodoverride.rb:21:in `call'
  rack (1.4.5) lib/rack/runtime.rb:17:in `call'
  activesupport (3.2.13) lib/active_support/cache/strategy/local_cache.rb:72:in `call'
  rack (1.4.5) lib/rack/lock.rb:15:in `call'
  actionpack (3.2.13) lib/action_dispatch/middleware/static.rb:63:in `call'
  railties (3.2.13) lib/rails/engine.rb:479:in `call'
  railties (3.2.13) lib/rails/application.rb:223:in `call'
  rack (1.4.5) lib/rack/content_length.rb:14:in `call'
  railties (3.2.13) lib/rails/rack/log_tailer.rb:17:in `call'
  rack (1.4.5) lib/rack/handler/webrick.rb:59:in `service'
  /root/.rbenv/versions/1.9.3-p392/lib/ruby/1.9.1/webrick/httpserver.rb:138:in `service'
  /root/.rbenv/versions/1.9.3-p392/lib/ruby/1.9.1/webrick/httpserver.rb:94:in `run'
  /root/.rbenv/versions/1.9.3-p392/lib/ruby/1.9.1/webrick/server.rb:191:in `block in start_thread'


  Rendered /root/.rbenv/versions/1.9.3-p392/lib/ruby/gems/1.9.1/gems/actionpack-3.2.13/lib/action_dispatch/middleware/templates/rescues/routing_error.erb within rescues/layout (0.5ms)


Started GET "/mlogin?code=Zccbx7" for 222.95.150.149 at 2014-02-20 15:03:12 +0800
Processing by MembersController#login as HTML
  Parameters: {"code"=>"Zccbx7"}
  Rendered members/login.html.erb within layouts/login (1.5ms)
  [1m[36mUser Load (0.1ms)[0m  [1mSELECT `users`.* FROM `users` WHERE `users`.`token` = 'J36FC5EQBK20ScGC9Vn1-A' LIMIT 1[0m
  Rendered shared/_header.html.erb (1.9ms)
Completed 200 OK in 6ms (Views: 5.9ms | ActiveRecord: 0.1ms)


Started GET "/assets/application.js" for 222.95.150.149 at 2014-02-20 15:03:12 +0800
Served asset /application.js - 304 Not Modified (2ms)


Started GET "/assets/application.css" for 222.95.150.149 at 2014-02-20 15:03:12 +0800
Served asset /application.css - 304 Not Modified (3ms)


Started GET "/11:22:33:44:55:66/portal" for 222.95.150.149 at 2014-02-20 15:13:09 +0800
Processing by PortalController#portal as HTML
  Parameters: {"member_mac"=>"11:22:33:44:55:66"}
  [1m[35mUser Load (0.1ms)[0m  SELECT `users`.* FROM `users` WHERE `users`.`mac` = '11:22:33:44:55:66' LIMIT 1
  Rendered portal/_menu.html.erb (0.1ms)
  Rendered portal/_group.html.erb (0.0ms)
  Rendered portal/_weibo.html.erb (0.0ms)
  Rendered portal/_game.html.erb (0.0ms)
  Rendered portal/portal.html.erb (2.0ms)
Completed 200 OK in 4ms (Views: 2.7ms | ActiveRecord: 0.1ms)


Started GET "/mlogin" for 222.95.150.149 at 2014-02-20 15:13:36 +0800
Processing by MembersController#login as HTML
  Rendered members/login.html.erb within layouts/login (1.1ms)
  [1m[36mUser Load (0.1ms)[0m  [1mSELECT `users`.* FROM `users` WHERE `users`.`token` = 'J36FC5EQBK20ScGC9Vn1-A' LIMIT 1[0m
  Rendered shared/_header.html.erb (1.0ms)
Completed 200 OK in 4ms (Views: 4.1ms | ActiveRecord: 0.1ms)


Started GET "/assets/application.js" for 222.95.150.149 at 2014-02-20 15:13:36 +0800
Served asset /application.js - 304 Not Modified (23ms)


Started GET "/assets/application.css" for 222.95.150.149 at 2014-02-20 15:13:37 +0800
Served asset /application.css - 304 Not Modified (3ms)


Started GET "/mlogin" for 222.95.150.149 at 2014-02-20 15:18:31 +0800
Processing by MembersController#login as HTML
  Rendered members/login.html.erb within layouts/login (1.3ms)
  Rendered shared/_header.html.erb (0.4ms)
Completed 200 OK in 4ms (Views: 4.1ms | ActiveRecord: 0.0ms)


Started GET "/mlogin" for 222.95.150.149 at 2014-02-20 15:18:32 +0800
Processing by MembersController#login as HTML
  Rendered members/login.html.erb within layouts/login (0.8ms)
  [1m[35mUser Load (0.1ms)[0m  SELECT `users`.* FROM `users` WHERE `users`.`token` = 'J36FC5EQBK20ScGC9Vn1-A' LIMIT 1
  Rendered shared/_header.html.erb (1.3ms)
Completed 200 OK in 4ms (Views: 3.9ms | ActiveRecord: 0.1ms)


Started GET "/mlogin" for 222.95.150.149 at 2014-02-20 15:18:32 +0800
Processing by MembersController#login as HTML
  Rendered members/login.html.erb within layouts/login (0.8ms)
  [1m[36mUser Load (0.1ms)[0m  [1mSELECT `users`.* FROM `users` WHERE `users`.`token` = 'J36FC5EQBK20ScGC9Vn1-A' LIMIT 1[0m
  Rendered shared/_header.html.erb (0.8ms)
Completed 200 OK in 4ms (Views: 3.5ms | ActiveRecord: 0.1ms)


Started GET "/mlogin" for 222.95.150.149 at 2014-02-20 15:18:35 +0800
Processing by MembersController#login as HTML
  Rendered members/login.html.erb within layouts/login (0.9ms)
  [1m[35mUser Load (0.1ms)[0m  SELECT `users`.* FROM `users` WHERE `users`.`token` = 'J36FC5EQBK20ScGC9Vn1-A' LIMIT 1
  Rendered shared/_header.html.erb (0.9ms)
Completed 200 OK in 4ms (Views: 3.7ms | ActiveRecord: 0.1ms)


Started GET "/mlogin" for 222.95.150.149 at 2014-02-20 15:18:35 +0800
Processing by MembersController#login as HTML
  Rendered members/login.html.erb within layouts/login (0.8ms)
  [1m[36mUser Load (0.1ms)[0m  [1mSELECT `users`.* FROM `users` WHERE `users`.`token` = 'J36FC5EQBK20ScGC9Vn1-A' LIMIT 1[0m
  Rendered shared/_header.html.erb (0.8ms)
Completed 200 OK in 4ms (Views: 3.4ms | ActiveRecord: 0.1ms)


Started GET "/mlogin" for 222.95.150.149 at 2014-02-20 15:18:42 +0800
Processing by MembersController#login as */*
  Rendered members/login.html.erb within layouts/login (6.8ms)
  [1m[35mUser Load (0.1ms)[0m  SELECT `users`.* FROM `users` WHERE `users`.`token` = 'J36FC5EQBK20ScGC9Vn1-A' LIMIT 1
  Rendered shared/_header.html.erb (1.2ms)
Completed 200 OK in 12ms (Views: 11.4ms | ActiveRecord: 0.1ms)


Started GET "/mlogin" for 222.95.150.149 at 2014-02-20 15:18:43 +0800
Processing by MembersController#login as */*
  Rendered members/login.html.erb within layouts/login (0.8ms)
  [1m[36mUser Load (0.1ms)[0m  [1mSELECT `users`.* FROM `users` WHERE `users`.`token` = 'J36FC5EQBK20ScGC9Vn1-A' LIMIT 1[0m
  Rendered shared/_header.html.erb (0.8ms)
Completed 200 OK in 5ms (Views: 4.9ms | ActiveRecord: 0.1ms)
[2014-02-20 15:18:43] WARN  Could not determine content-length of response body. Set content-length of the response or set Response#chunked = true
[2014-02-20 15:18:43] WARN  Could not determine content-length of response body. Set content-length of the response or set Response#chunked = true
[2014-02-20 15:18:43] WARN  Could not determine content-length of response body. Set content-length of the response or set Response#chunked = true
[2014-02-20 15:18:43] WARN  Could not determine content-length of response body. Set content-length of the response or set Response#chunked = true
[2014-02-20 15:18:44] WARN  Could not determine content-length of response body. Set content-length of the response or set Response#chunked = true
[2014-02-20 15:18:55] WARN  Could not determine content-length of response body. Set content-length of the response or set Response#chunked = true
[2014-02-20 15:18:55] WARN  Could not determine content-length of response body. Set content-length of the response or set Response#chunked = true
[2014-02-20 15:18:56] WARN  Could not determine content-length of response body. Set content-length of the response or set Response#chunked = true
[2014-02-20 15:19:19] WARN  Could not determine content-length of response body. Set content-length of the response or set Response#chunked = true
[2014-02-20 15:19:19] WARN  Could not determine content-length of response body. Set content-length of the response or set Response#chunked = true
[2014-02-20 15:19:28] WARN  Could not determine content-length of response body. Set content-length of the response or set Response#chunked = true
[2014-02-20 15:19:28] WARN  Could not determine content-length of response body. Set content-length of the response or set Response#chunked = true
[2014-02-20 15:19:28] WARN  Could not determine content-length of response body. Set content-length of the response or set Response#chunked = true
[2014-02-20 18:10:04] ERROR bad URI `\x00\x009\x00\x008\x00\x005\x00\x00\x16\x00\x00\x13\x00\x00'.
[2014-02-20 20:03:08] ERROR TypeError: can't dup NilClass
	/root/.rbenv/versions/1.9.3-p392/lib/ruby/1.9.1/webrick/httprequest.rb:273:in `dup'
	/root/.rbenv/versions/1.9.3-p392/lib/ruby/1.9.1/webrick/httprequest.rb:273:in `meta_vars'
	/root/.rbenv/versions/1.9.3-p392/lib/ruby/gems/1.9.1/gems/rack-1.4.5/lib/rack/handler/webrick.rb:34:in `service'
	/root/.rbenv/versions/1.9.3-p392/lib/ruby/1.9.1/webrick/httpserver.rb:138:in `service'
	/root/.rbenv/versions/1.9.3-p392/lib/ruby/1.9.1/webrick/httpserver.rb:94:in `run'
	/root/.rbenv/versions/1.9.3-p392/lib/ruby/1.9.1/webrick/server.rb:191:in `block in start_thread'
[2014-02-20 22:05:28] WARN  Could not determine content-length of response body. Set content-length of the response or set Response#chunked = true


Started GET "/mlogin" for 222.95.150.149 at 2014-02-20 15:18:43 +0800
Processing by MembersController#login as */*
  Rendered members/login.html.erb within layouts/login (0.8ms)
  [1m[35mUser Load (0.1ms)[0m  SELECT `users`.* FROM `users` WHERE `users`.`token` = 'J36FC5EQBK20ScGC9Vn1-A' LIMIT 1
  Rendered shared/_header.html.erb (0.8ms)
Completed 200 OK in 5ms (Views: 4.8ms | ActiveRecord: 0.1ms)


Started GET "/mlogin" for 222.95.150.149 at 2014-02-20 15:18:43 +0800
Processing by MembersController#login as */*
  Rendered members/login.html.erb within layouts/login (0.8ms)
  [1m[36mUser Load (0.1ms)[0m  [1mSELECT `users`.* FROM `users` WHERE `users`.`token` = 'J36FC5EQBK20ScGC9Vn1-A' LIMIT 1[0m
  Rendered shared/_header.html.erb (0.8ms)
Completed 200 OK in 5ms (Views: 4.8ms | ActiveRecord: 0.1ms)


Started GET "/mlogin" for 222.95.150.149 at 2014-02-20 15:18:43 +0800
Processing by MembersController#login as HTML
  Rendered members/login.html.erb within layouts/login (0.8ms)
  [1m[35mUser Load (0.1ms)[0m  SELECT `users`.* FROM `users` WHERE `users`.`token` = 'J36FC5EQBK20ScGC9Vn1-A' LIMIT 1
  Rendered shared/_header.html.erb (0.8ms)
Completed 200 OK in 4ms (Views: 3.4ms | ActiveRecord: 0.1ms)


Started GET "/mlogin" for 222.95.150.149 at 2014-02-20 15:18:44 +0800
Processing by MembersController#login as HTML
  Rendered members/login.html.erb within layouts/login (0.8ms)
  [1m[36mUser Load (0.1ms)[0m  [1mSELECT `users`.* FROM `users` WHERE `users`.`token` = 'J36FC5EQBK20ScGC9Vn1-A' LIMIT 1[0m
  Rendered shared/_header.html.erb (0.9ms)
Completed 200 OK in 4ms (Views: 3.4ms | ActiveRecord: 0.1ms)


Started GET "/mlogin" for 222.95.150.149 at 2014-02-20 15:18:55 +0800
Processing by MembersController#login as */*
  Rendered members/login.html.erb within layouts/login (0.9ms)
  [1m[35mUser Load (0.1ms)[0m  SELECT `users`.* FROM `users` WHERE `users`.`token` = 'J36FC5EQBK20ScGC9Vn1-A' LIMIT 1
  Rendered shared/_header.html.erb (1.0ms)
Completed 200 OK in 5ms (Views: 5.3ms | ActiveRecord: 0.1ms)


Started GET "/mlogin" for 222.95.150.149 at 2014-02-20 15:18:55 +0800
Processing by MembersController#login as */*
  Rendered members/login.html.erb within layouts/login (0.8ms)
  [1m[36mUser Load (0.1ms)[0m  [1mSELECT `users`.* FROM `users` WHERE `users`.`token` = 'J36FC5EQBK20ScGC9Vn1-A' LIMIT 1[0m
  Rendered shared/_header.html.erb (0.8ms)
Completed 200 OK in 5ms (Views: 4.9ms | ActiveRecord: 0.1ms)


Started GET "/mlogin" for 222.95.150.149 at 2014-02-20 15:18:56 +0800
Processing by MembersController#login as */*
  Rendered members/login.html.erb within layouts/login (1.0ms)
  [1m[35mUser Load (0.1ms)[0m  SELECT `users`.* FROM `users` WHERE `users`.`token` = 'J36FC5EQBK20ScGC9Vn1-A' LIMIT 1
  Rendered shared/_header.html.erb (1.2ms)
Completed 200 OK in 6ms (Views: 5.8ms | ActiveRecord: 0.1ms)


Started GET "/mlogin" for 222.95.150.149 at 2014-02-20 15:19:19 +0800
Processing by MembersController#login as HTML
  Rendered members/login.html.erb within layouts/login (1.1ms)
  [1m[36mUser Load (0.1ms)[0m  [1mSELECT `users`.* FROM `users` WHERE `users`.`token` = 'J36FC5EQBK20ScGC9Vn1-A' LIMIT 1[0m
  Rendered shared/_header.html.erb (1.0ms)
Completed 200 OK in 4ms (Views: 4.1ms | ActiveRecord: 0.1ms)


Started GET "/mlogin" for 222.95.150.149 at 2014-02-20 15:19:19 +0800
Processing by MembersController#login as HTML
  Rendered members/login.html.erb within layouts/login (0.8ms)
  [1m[35mUser Load (0.1ms)[0m  SELECT `users`.* FROM `users` WHERE `users`.`token` = 'J36FC5EQBK20ScGC9Vn1-A' LIMIT 1
  Rendered shared/_header.html.erb (0.8ms)
Completed 200 OK in 4ms (Views: 3.4ms | ActiveRecord: 0.1ms)


Started GET "/mlogin?code=661qP3" for 222.95.150.149 at 2014-02-20 15:19:28 +0800
Processing by MembersController#login as HTML
  Parameters: {"code"=>"661qP3"}
  Rendered members/login.html.erb within layouts/login (1.1ms)
  [1m[36mUser Load (0.1ms)[0m  [1mSELECT `users`.* FROM `users` WHERE `users`.`token` = 'J36FC5EQBK20ScGC9Vn1-A' LIMIT 1[0m
  Rendered shared/_header.html.erb (1.0ms)
Completed 200 OK in 4ms (Views: 3.9ms | ActiveRecord: 0.1ms)


Started GET "/assets/application.css" for 222.95.150.149 at 2014-02-20 15:19:28 +0800
Served asset /application.css - 304 Not Modified (6ms)


Started GET "/assets/application.js" for 222.95.150.149 at 2014-02-20 15:19:28 +0800
Served asset /application.js - 304 Not Modified (1ms)


Started HEAD "/" for 109.206.167.32 at 2014-02-20 16:31:48 +0800
Processing by AboutController#main as HTML
Redirected to http://183.116.127.124.broad.bj.bj.static.163data.com.cn/login
Completed 302 Found in 1ms (ActiveRecord: 0.0ms)


Started HEAD "/" for 91.121.61.227 at 2014-02-20 17:39:27 +0800
Processing by AboutController#main as HTML
Redirected to http://183.116.127.124.broad.bj.bj.static.163data.com.cn/login
Completed 302 Found in 0ms (ActiveRecord: 0.0ms)


Started GET "/HNAP1/" for 24.113.157.208 at 2014-02-20 18:10:05 +0800

ActionController::RoutingError (No route matches [GET] "/HNAP1"):
  actionpack (3.2.13) lib/action_dispatch/middleware/debug_exceptions.rb:21:in `call'
  actionpack (3.2.13) lib/action_dispatch/middleware/show_exceptions.rb:56:in `call'
  railties (3.2.13) lib/rails/rack/logger.rb:32:in `call_app'
  railties (3.2.13) lib/rails/rack/logger.rb:16:in `block in call'
  activesupport (3.2.13) lib/active_support/tagged_logging.rb:22:in `tagged'
  railties (3.2.13) lib/rails/rack/logger.rb:16:in `call'
  actionpack (3.2.13) lib/action_dispatch/middleware/request_id.rb:22:in `call'
  rack (1.4.5) lib/rack/methodoverride.rb:21:in `call'
  rack (1.4.5) lib/rack/runtime.rb:17:in `call'
  activesupport (3.2.13) lib/active_support/cache/strategy/local_cache.rb:72:in `call'
  rack (1.4.5) lib/rack/lock.rb:15:in `call'
  actionpack (3.2.13) lib/action_dispatch/middleware/static.rb:63:in `call'
  railties (3.2.13) lib/rails/engine.rb:479:in `call'
  railties (3.2.13) lib/rails/application.rb:223:in `call'
  rack (1.4.5) lib/rack/content_length.rb:14:in `call'
  railties (3.2.13) lib/rails/rack/log_tailer.rb:17:in `call'
  rack (1.4.5) lib/rack/handler/webrick.rb:59:in `service'
  /root/.rbenv/versions/1.9.3-p392/lib/ruby/1.9.1/webrick/httpserver.rb:138:in `service'
  /root/.rbenv/versions/1.9.3-p392/lib/ruby/1.9.1/webrick/httpserver.rb:94:in `run'
  /root/.rbenv/versions/1.9.3-p392/lib/ruby/1.9.1/webrick/server.rb:191:in `block in start_thread'


  Rendered /root/.rbenv/versions/1.9.3-p392/lib/ruby/gems/1.9.1/gems/actionpack-3.2.13/lib/action_dispatch/middleware/templates/rescues/routing_error.erb within rescues/layout (0.7ms)


Started HEAD "/" for 201.77.177.114 at 2014-02-20 19:34:01 +0800
Processing by AboutController#main as HTML
Redirected to http://183.116.127.124.broad.bj.bj.static.163data.com.cn/login
Completed 302 Found in 1ms (ActiveRecord: 0.0ms)


Started GET "/11:22:33:44:55:66/portal" for 222.95.150.14 at 2014-02-20 22:05:28 +0800
Processing by PortalController#portal as HTML
  Parameters: {"member_mac"=>"11:22:33:44:55:66"}
  [1m[35mUser Load (0.1ms)[0m  SELECT `users`.* FROM `users` WHERE `users`.`mac` = '11:22:33:44:55:66' LIMIT 1
  Rendered portal/_menu.html.erb (0.0ms)
  Rendered portal/_group.html.erb (0.0ms)
  Rendered portal/_weibo.html.erb (0.0ms)
  Rendered portal/_game.html.erb (0.0ms)
  Rendered portal/portal.html.erb (1.9ms)
Completed 200 OK in 23ms (Views: 3.0ms | ActiveRecord: 1.3ms)


Started GET "/jqm/js/jquery.mobile-1.3.2.min.map" for 222.95.150.14 at 2014-02-20 22:05:37 +0800

ActionController::RoutingError (No route matches [GET] "/jqm/js/jquery.mobile-1.3.2.min.map"):
  actionpack (3.2.13) lib/action_dispatch/middleware/debug_exceptions.rb:21:in `call'
  actionpack (3.2.13) lib/action_dispatch/middleware/show_exceptions.rb:56:in `call'
  railties (3.2.13) lib/rails/rack/logger.rb:32:in `call_app'
  railties (3.2.13) lib/rails/rack/logger.rb:16:in `block in call'
  activesupport (3.2.13) lib/active_support/tagged_logging.rb:22:in `tagged'
  railties (3.2.13) lib/rails/rack/logger.rb:16:in `call'
  actionpack (3.2.13) lib/action_dispatch/middleware/request_id.rb:22:in `call'
  rack (1.4.5) lib/rack/methodoverride.rb:21:in `call'
  rack (1.4.5) lib/rack/runtime.rb:17:in `call'
  activesupport (3.2.13) lib/active_support/cache/strategy/local_cache.rb:72:in `call'
  rack (1.4.5) lib/rack/lock.rb:15:in `call'
  actionpack (3.2.13) lib/action_dispatch/middleware/static.rb:63:in `call'
  railties (3.2.13) lib/rails/engine.rb:479:in `call'
  railties (3.2.13) lib/rails/application.rb:223:in `call'
  rack (1.4.5) lib/rack/content_length.rb:14:in `call'
  railties (3.2.13) lib/rails/rack/log_tailer.rb:17:in `call'
  rack (1.4.5) lib/rack/handler/webrick.rb:59:in `service'
  /root/.rbenv/versions/1.9.3-p392/lib/ruby/1.9.1/webrick/httpserver.rb:138:in `service'
  /root/.rbenv/versions/1.9.3-p392/lib/ruby/1.9.1/webrick/httpserver.rb:94:in `run'
  /root/.rbenv/versions/1.9.3-p392/lib/ruby/1.9.1/webrick/server.rb:191:in `block in start_thread'


  Rendered /root/.rbenv/versions/1.9.3-p392/lib/ruby/gems/1.9.1/gems/actionpack-3.2.13/lib/action_dispatch/middleware/templates/rescues/routing_error.erb within rescues/layout (0.5ms)
[2014-02-20 22:07:03] WARN  Could not determine content-length of response body. Set content-length of the response or set Response#chunked = true
[2014-02-20 22:07:03] WARN  Could not determine content-length of response body. Set content-length of the response or set Response#chunked = true
[2014-02-20 22:07:03] WARN  Could not determine content-length of response body. Set content-length of the response or set Response#chunked = true
[2014-02-20 22:07:04] WARN  Could not determine content-length of response body. Set content-length of the response or set Response#chunked = true
[2014-02-20 22:07:04] WARN  Could not determine content-length of response body. Set content-length of the response or set Response#chunked = true
[2014-02-20 22:07:04] WARN  Could not determine content-length of response body. Set content-length of the response or set Response#chunked = true
[2014-02-20 22:07:04] WARN  Could not determine content-length of response body. Set content-length of the response or set Response#chunked = true
[2014-02-20 22:07:04] WARN  Could not determine content-length of response body. Set content-length of the response or set Response#chunked = true
